<?xml version="1.0" encoding="UTF-8"?>
<!-- Generated by org.testng.reporters.JUnitReportReporter -->
<testsuite hostname="TESTING-PRAVEEN" name="MavenJenkinsGI.MavenJenkinsAI.Praveen" tests="1" failures="0" timestamp="31 May 2019 06:41:26 GMT" time="0.010" errors="0">
  <testcase name="raajavel" time="0.010" classname="MavenJenkinsGI.MavenJenkinsAI.Praveen"/>
</testsuite> <!-- MavenJenkinsGI.MavenJenkinsAI.Praveen -->
